2024-03-03T10:36:45.258679Z 0 [Warning] TIMESTAMP with implicit DEFAULT value is deprecated. Please use --explicit_defaults_for_timestamp server option (see documentation for more details).
2024-03-03T10:36:45.272221Z 0 [Warning] Setting lower_case_table_names=2 because file system for /var/lib/mysql/ is case insensitive
2024-03-03T10:36:45.296077Z 0 [ERROR] InnoDB: Linux Native AIO interface is not supported on this platform. Please check your OS documentation and install appropriate binary of InnoDB.
2024-03-03T10:36:45.297555Z 0 [Warning] InnoDB: Linux Native AIO disabled.
2024-03-03T10:36:45.528851Z 0 [Warning] InnoDB: New log files created, LSN=45790
2024-03-03T10:36:45.613464Z 0 [Warning] InnoDB: Creating foreign key constraint system tables.
2024-03-03T10:36:45.704543Z 0 [Warning] No existing UUID has been found, so we assume that this is the first time that this server has been started. Generating a new UUID: eec8d042-d949-11ee-a239-0242ac160002.
2024-03-03T10:36:45.708938Z 0 [Warning] Gtid table is not ready to be used. Table 'mysql.gtid_executed' cannot be opened.
2024-03-03T10:36:46.372252Z 0 [Warning] A deprecated TLS version TLSv1 is enabled. Please use TLSv1.2 or higher.
2024-03-03T10:36:46.372420Z 0 [Warning] A deprecated TLS version TLSv1.1 is enabled. Please use TLSv1.2 or higher.
2024-03-03T10:36:46.379510Z 0 [Warning] CA certificate ca.pem is self signed.
2024-03-03T10:36:46.699270Z 1 [Warning] root@localhost is created with an empty password ! Please consider switching off the --initialize-insecure option.
2024-03-03T10:36:49.380450Z 0 [Warning] TIMESTAMP with implicit DEFAULT value is deprecated. Please use --explicit_defaults_for_timestamp server option (see documentation for more details).
2024-03-03T10:36:49.387907Z 0 [Note] mysqld (mysqld 5.7.44) starting as process 257 ...
2024-03-03T10:36:49.400998Z 0 [Warning] Setting lower_case_table_names=2 because file system for /var/lib/mysql/ is case insensitive
2024-03-03T10:36:49.424569Z 0 [Note] InnoDB: PUNCH HOLE support available
2024-03-03T10:36:49.426291Z 0 [Note] InnoDB: Mutexes and rw_locks use GCC atomic builtins
2024-03-03T10:36:49.426473Z 0 [Note] InnoDB: Uses event mutexes
2024-03-03T10:36:49.426635Z 0 [Note] InnoDB: GCC builtin __atomic_thread_fence() is used for memory barrier
2024-03-03T10:36:49.426786Z 0 [Note] InnoDB: Compressed tables use zlib 1.2.13
2024-03-03T10:36:49.426930Z 0 [Note] InnoDB: Using Linux native AIO
2024-03-03T10:36:49.431726Z 0 [Note] InnoDB: Number of pools: 1
2024-03-03T10:36:49.433276Z 0 [Note] InnoDB: Using CPU crc32 instructions
2024-03-03T10:36:49.434886Z 0 [ERROR] InnoDB: Linux Native AIO interface is not supported on this platform. Please check your OS documentation and install appropriate binary of InnoDB.
2024-03-03T10:36:49.435101Z 0 [Note] InnoDB: You can disable Linux Native AIO by setting innodb_use_native_aio = 0 in my.cnf
2024-03-03T10:36:49.435340Z 0 [Warning] InnoDB: Linux Native AIO disabled.
2024-03-03T10:36:49.438386Z 0 [Note] InnoDB: Initializing buffer pool, total size = 128M, instances = 1, chunk size = 128M
2024-03-03T10:36:49.500301Z 0 [Note] InnoDB: Completed initialization of buffer pool
2024-03-03T10:36:49.518884Z 0 [Note] InnoDB: If the mysqld execution user is authorized, page cleaner thread priority can be changed. See the man page of setpriority().
2024-03-03T10:36:49.541931Z 0 [Note] InnoDB: Highest supported file format is Barracuda.
2024-03-03T10:36:49.622700Z 0 [Note] InnoDB: Creating shared tablespace for temporary tables
2024-03-03T10:36:49.624155Z 0 [Note] InnoDB: Setting file './ibtmp1' size to 12 MB. Physically writing the file full; Please wait ...
2024-03-03T10:36:49.653635Z 0 [Note] InnoDB: File './ibtmp1' size is now 12 MB.
2024-03-03T10:36:49.661974Z 0 [Note] InnoDB: 96 redo rollback segment(s) found. 96 redo rollback segment(s) are active.
2024-03-03T10:36:49.662223Z 0 [Note] InnoDB: 32 non-redo rollback segment(s) are active.
2024-03-03T10:36:49.670838Z 0 [Note] InnoDB: Waiting for purge to start
2024-03-03T10:36:49.722065Z 0 [Note] InnoDB: 5.7.44 started; log sequence number 2768291
2024-03-03T10:36:49.724750Z 0 [Note] InnoDB: Loading buffer pool(s) from /var/lib/mysql/ib_buffer_pool
2024-03-03T10:36:49.729218Z 0 [Note] Plugin 'FEDERATED' is disabled.
2024-03-03T10:36:49.757728Z 0 [Note] InnoDB: Buffer pool(s) load completed at 240303 19:36:49
2024-03-03T10:36:49.781783Z 0 [Note] Found ca.pem, server-cert.pem and server-key.pem in data directory. Trying to enable SSL support using them.
2024-03-03T10:36:49.781927Z 0 [Note] Skipping generation of SSL certificates as certificate files are present in data directory.
2024-03-03T10:36:49.782097Z 0 [Warning] A deprecated TLS version TLSv1 is enabled. Please use TLSv1.2 or higher.
2024-03-03T10:36:49.782188Z 0 [Warning] A deprecated TLS version TLSv1.1 is enabled. Please use TLSv1.2 or higher.
2024-03-03T10:36:49.797617Z 0 [Warning] CA certificate ca.pem is self signed.
2024-03-03T10:36:49.799295Z 0 [Note] Skipping generation of RSA key pair as key files are present in data directory.
2024-03-03T10:36:49.914650Z 0 [Warning] Insecure configuration for --pid-file: Location '/var/run/mysqld' in the path is accessible to all OS users. Consider choosing a different directory.
2024-03-03T10:36:49.990724Z 0 [Note] Event Scheduler: Loaded 0 events
2024-03-03T10:36:49.992270Z 0 [Note] mysqld: ready for connections.
Version: '5.7.44'  socket: '/var/run/mysqld/mysqld.sock'  port: 0  MySQL Community Server (GPL)
2024-03-03T10:36:50.525186Z 3 [Note] InnoDB: Stopping purge
2024-03-03T10:36:50.543400Z 3 [Note] InnoDB: Resuming purge
2024-03-03T10:36:50.566201Z 3 [Note] InnoDB: Stopping purge
2024-03-03T10:36:50.576576Z 3 [Note] InnoDB: Resuming purge
2024-03-03T10:36:50.591393Z 3 [Note] InnoDB: Stopping purge
2024-03-03T10:36:50.596276Z 3 [Note] InnoDB: Resuming purge
2024-03-03T10:36:50.599815Z 3 [Note] InnoDB: Stopping purge
2024-03-03T10:36:50.602443Z 3 [Note] InnoDB: Resuming purge
2024-03-03T10:36:55.442668Z 0 [Note] Giving 0 client threads a chance to die gracefully
2024-03-03T10:36:55.443297Z 0 [Note] Shutting down slave threads
2024-03-03T10:36:55.443490Z 0 [Note] Forcefully disconnecting 0 remaining clients
2024-03-03T10:36:55.443862Z 0 [Note] Event Scheduler: Purging the queue. 0 events
2024-03-03T10:36:55.444487Z 0 [Note] Binlog end
2024-03-03T10:36:55.449247Z 0 [Note] Shutting down plugin 'ngram'
2024-03-03T10:36:55.449463Z 0 [Note] Shutting down plugin 'partition'
2024-03-03T10:36:55.449622Z 0 [Note] Shutting down plugin 'BLACKHOLE'
2024-03-03T10:36:55.449745Z 0 [Note] Shutting down plugin 'ARCHIVE'
2024-03-03T10:36:55.449842Z 0 [Note] Shutting down plugin 'PERFORMANCE_SCHEMA'
2024-03-03T10:36:55.450398Z 0 [Note] Shutting down plugin 'MRG_MYISAM'
2024-03-03T10:36:55.450573Z 0 [Note] Shutting down plugin 'MyISAM'
2024-03-03T10:36:55.451247Z 0 [Note] Shutting down plugin 'INNODB_SYS_VIRTUAL'
2024-03-03T10:36:55.451430Z 0 [Note] Shutting down plugin 'INNODB_SYS_DATAFILES'
2024-03-03T10:36:55.452207Z 0 [Note] Shutting down plugin 'INNODB_SYS_TABLESPACES'
2024-03-03T10:36:55.452459Z 0 [Note] Shutting down plugin 'INNODB_SYS_FOREIGN_COLS'
2024-03-03T10:36:55.452560Z 0 [Note] Shutting down plugin 'INNODB_SYS_FOREIGN'
2024-03-03T10:36:55.452666Z 0 [Note] Shutting down plugin 'INNODB_SYS_FIELDS'
2024-03-03T10:36:55.452913Z 0 [Note] Shutting down plugin 'INNODB_SYS_COLUMNS'
2024-03-03T10:36:55.453094Z 0 [Note] Shutting down plugin 'INNODB_SYS_INDEXES'
2024-03-03T10:36:55.453205Z 0 [Note] Shutting down plugin 'INNODB_SYS_TABLESTATS'
2024-03-03T10:36:55.453297Z 0 [Note] Shutting down plugin 'INNODB_SYS_TABLES'
2024-03-03T10:36:55.453378Z 0 [Note] Shutting down plugin 'INNODB_FT_INDEX_TABLE'
2024-03-03T10:36:55.453470Z 0 [Note] Shutting down plugin 'INNODB_FT_INDEX_CACHE'
2024-03-03T10:36:55.453574Z 0 [Note] Shutting down plugin 'INNODB_FT_CONFIG'
2024-03-03T10:36:55.453844Z 0 [Note] Shutting down plugin 'INNODB_FT_BEING_DELETED'
2024-03-03T10:36:55.453952Z 0 [Note] Shutting down plugin 'INNODB_FT_DELETED'
2024-03-03T10:36:55.454032Z 0 [Note] Shutting down plugin 'INNODB_FT_DEFAULT_STOPWORD'
2024-03-03T10:36:55.454108Z 0 [Note] Shutting down plugin 'INNODB_METRICS'
2024-03-03T10:36:55.454246Z 0 [Note] Shutting down plugin 'INNODB_TEMP_TABLE_INFO'
2024-03-03T10:36:55.454321Z 0 [Note] Shutting down plugin 'INNODB_BUFFER_POOL_STATS'
2024-03-03T10:36:55.454391Z 0 [Note] Shutting down plugin 'INNODB_BUFFER_PAGE_LRU'
2024-03-03T10:36:55.454460Z 0 [Note] Shutting down plugin 'INNODB_BUFFER_PAGE'
2024-03-03T10:36:55.454530Z 0 [Note] Shutting down plugin 'INNODB_CMP_PER_INDEX_RESET'
2024-03-03T10:36:55.454601Z 0 [Note] Shutting down plugin 'INNODB_CMP_PER_INDEX'
2024-03-03T10:36:55.454672Z 0 [Note] Shutting down plugin 'INNODB_CMPMEM_RESET'
2024-03-03T10:36:55.454738Z 0 [Note] Shutting down plugin 'INNODB_CMPMEM'
2024-03-03T10:36:55.454810Z 0 [Note] Shutting down plugin 'INNODB_CMP_RESET'
2024-03-03T10:36:55.454876Z 0 [Note] Shutting down plugin 'INNODB_CMP'
2024-03-03T10:36:55.454950Z 0 [Note] Shutting down plugin 'INNODB_LOCK_WAITS'
2024-03-03T10:36:55.455019Z 0 [Note] Shutting down plugin 'INNODB_LOCKS'
2024-03-03T10:36:55.455085Z 0 [Note] Shutting down plugin 'INNODB_TRX'
2024-03-03T10:36:55.455155Z 0 [Note] Shutting down plugin 'InnoDB'
2024-03-03T10:36:55.456072Z 0 [Note] InnoDB: FTS optimize thread exiting.
2024-03-03T10:36:55.457274Z 0 [Note] InnoDB: Starting shutdown...
2024-03-03T10:36:55.558674Z 0 [Note] InnoDB: Dumping buffer pool(s) to /var/lib/mysql/ib_buffer_pool
2024-03-03T10:36:55.561441Z 0 [Note] InnoDB: Buffer pool(s) dump completed at 240303 19:36:55
2024-03-03T10:36:56.193332Z 0 [Note] InnoDB: Shutdown completed; log sequence number 12219253
2024-03-03T10:36:56.194082Z 0 [Note] InnoDB: Removed temporary tablespace data file: "ibtmp1"
2024-03-03T10:36:56.194400Z 0 [Note] Shutting down plugin 'MEMORY'
2024-03-03T10:36:56.194586Z 0 [Note] Shutting down plugin 'CSV'
2024-03-03T10:36:56.194754Z 0 [Note] Shutting down plugin 'sha256_password'
2024-03-03T10:36:56.194931Z 0 [Note] Shutting down plugin 'mysql_native_password'
2024-03-03T10:36:56.195606Z 0 [Note] Shutting down plugin 'binlog'
2024-03-03T10:36:56.203522Z 0 [Note] mysqld: Shutdown complete

2024-03-03T10:36:56.735816Z 0 [Warning] TIMESTAMP with implicit DEFAULT value is deprecated. Please use --explicit_defaults_for_timestamp server option (see documentation for more details).
2024-03-03T10:36:56.743146Z 0 [Note] mysqld (mysqld 5.7.44) starting as process 1 ...
2024-03-03T10:36:56.755956Z 0 [Warning] Setting lower_case_table_names=2 because file system for /var/lib/mysql/ is case insensitive
2024-03-03T10:36:56.779360Z 0 [Note] InnoDB: PUNCH HOLE support available
2024-03-03T10:36:56.780993Z 0 [Note] InnoDB: Mutexes and rw_locks use GCC atomic builtins
2024-03-03T10:36:56.781176Z 0 [Note] InnoDB: Uses event mutexes
2024-03-03T10:36:56.781339Z 0 [Note] InnoDB: GCC builtin __atomic_thread_fence() is used for memory barrier
2024-03-03T10:36:56.781528Z 0 [Note] InnoDB: Compressed tables use zlib 1.2.13
2024-03-03T10:36:56.781707Z 0 [Note] InnoDB: Using Linux native AIO
2024-03-03T10:36:56.786540Z 0 [Note] InnoDB: Number of pools: 1
2024-03-03T10:36:56.788631Z 0 [Note] InnoDB: Using CPU crc32 instructions
2024-03-03T10:36:56.791081Z 0 [ERROR] InnoDB: Linux Native AIO interface is not supported on this platform. Please check your OS documentation and install appropriate binary of InnoDB.
2024-03-03T10:36:56.791347Z 0 [Note] InnoDB: You can disable Linux Native AIO by setting innodb_use_native_aio = 0 in my.cnf
2024-03-03T10:36:56.791644Z 0 [Warning] InnoDB: Linux Native AIO disabled.
2024-03-03T10:36:56.794813Z 0 [Note] InnoDB: Initializing buffer pool, total size = 128M, instances = 1, chunk size = 128M
2024-03-03T10:36:56.840953Z 0 [Note] InnoDB: Completed initialization of buffer pool
2024-03-03T10:36:56.867608Z 0 [Note] InnoDB: If the mysqld execution user is authorized, page cleaner thread priority can be changed. See the man page of setpriority().
2024-03-03T10:36:56.900087Z 0 [Note] InnoDB: Highest supported file format is Barracuda.
2024-03-03T10:36:56.973139Z 0 [Note] InnoDB: Creating shared tablespace for temporary tables
2024-03-03T10:36:56.975549Z 0 [Note] InnoDB: Setting file './ibtmp1' size to 12 MB. Physically writing the file full; Please wait ...
2024-03-03T10:36:56.990815Z 0 [Note] InnoDB: File './ibtmp1' size is now 12 MB.
2024-03-03T10:36:56.996813Z 0 [Note] InnoDB: 96 redo rollback segment(s) found. 96 redo rollback segment(s) are active.
2024-03-03T10:36:56.997002Z 0 [Note] InnoDB: 32 non-redo rollback segment(s) are active.
2024-03-03T10:36:57.003651Z 0 [Note] InnoDB: Waiting for purge to start
2024-03-03T10:36:57.055086Z 0 [Note] InnoDB: 5.7.44 started; log sequence number 12219253
2024-03-03T10:36:57.058771Z 0 [Note] InnoDB: Loading buffer pool(s) from /var/lib/mysql/ib_buffer_pool
2024-03-03T10:36:57.063473Z 0 [Note] Plugin 'FEDERATED' is disabled.
2024-03-03T10:36:57.111643Z 0 [Note] Found ca.pem, server-cert.pem and server-key.pem in data directory. Trying to enable SSL support using them.
2024-03-03T10:36:57.111893Z 0 [Note] Skipping generation of SSL certificates as certificate files are present in data directory.
2024-03-03T10:36:57.112090Z 0 [Warning] A deprecated TLS version TLSv1 is enabled. Please use TLSv1.2 or higher.
2024-03-03T10:36:57.112187Z 0 [Warning] A deprecated TLS version TLSv1.1 is enabled. Please use TLSv1.2 or higher.
2024-03-03T10:36:57.123760Z 0 [Note] InnoDB: Buffer pool(s) load completed at 240303 19:36:57
2024-03-03T10:36:57.131489Z 0 [Warning] CA certificate ca.pem is self signed.
2024-03-03T10:36:57.132825Z 0 [Note] Skipping generation of RSA key pair as key files are present in data directory.
2024-03-03T10:36:57.138006Z 0 [Note] Server hostname (bind-address): '*'; port: 3306
2024-03-03T10:36:57.138998Z 0 [Note] IPv6 is available.
2024-03-03T10:36:57.139525Z 0 [Note]   - '::' resolves to '::';
2024-03-03T10:36:57.140049Z 0 [Note] Server socket created on IP: '::'.
2024-03-03T10:36:57.145730Z 0 [Warning] Insecure configuration for --pid-file: Location '/var/run/mysqld' in the path is accessible to all OS users. Consider choosing a different directory.
2024-03-03T10:36:57.246402Z 0 [Note] Event Scheduler: Loaded 0 events
2024-03-03T10:36:57.247819Z 0 [Note] mysqld: ready for connections.
Version: '5.7.44'  socket: '/var/run/mysqld/mysqld.sock'  port: 3306  MySQL Community Server (GPL)
